<?xml version="1.0" encoding="UTF-8"?>
<!-- Generated by org.testng.reporters.JUnitXMLReporter -->
<testsuite ignored="0" hostname="DESKTOP-7UK22H3" failures="1" tests="1" name="Test(failed)" time="17.447" errors="0" timestamp="2024-10-21T19:41:43 IST">
  <testcase classname="testCases.TC_001_AccountRegistraion" name="test_account_registration" time="4.193">
    <failure type="java.lang.AssertionError" message="null">
      <![CDATA[java.lang.AssertionError: null
at testCases.TC_001_AccountRegistraion.test_account_registration(TC_001_AccountRegistraion.java:52)
at java.base/java.util.ArrayList.forEach(ArrayList.java:1511)
... Removed 29 stack frames]]>
    </failure>
  </testcase> <!-- test_account_registration -->
</testsuite> <!-- Test(failed) -->
